#
# A fatal error has been detected by the Java Runtime Environment:
#
#  Internal Error (safepoint.cpp:919), pid=24244, tid=36103
#  fatal error: Illegal threadstate encountered: 4
#
# JRE version: OpenJDK Runtime Environment AdoptOpenJDK (11.0.10+9) (build 11.0.10+9)
# Java VM: OpenJDK 64-Bit Server VM AdoptOpenJDK (11.0.10+9, mixed mode, tiered, compressed oops, g1 gc, bsd-amd64)
# No core dump will be written. Core dumps have been disabled. To enable core dumping, try "ulimit -c unlimited" before starting Java again
#
# If you would like to submit a bug report, please visit:
#   https://github.com/AdoptOpenJDK/openjdk-support/issues
# The crash happened outside the Java Virtual Machine in native code.
# See problematic frame for where to report the bug.
#

---------------  S U M M A R Y ------------

Command Line: shakki.ui.Main

Host: MacBookPro14,1 x86_64 2300 MHz, 4 cores, 8G, Darwin 21.6.0
Time: Mon Oct 31 19:59:29 2022 EET elapsed time: 9.153300 seconds (0d 0h 0m 9s)

---------------  T H R E A D  ---------------

Current thread (0x00007faec03f4800):  JavaThread "InvokeLaterDispatcher" daemon [_thread_in_native, id=36103, stack(0x0000700001621000,0x0000700001721000)]

Stack: [0x0000700001621000,0x0000700001721000],  sp=0x000070000171f2e0,  free space=1016k
Native frames: (J=compiled Java code, A=aot compiled Java code, j=interpreted, Vv=VM code, C=native code)
V  [libjvm.dylib+0x7b7ac3]  _ZN7VMError14report_and_dieEiPKcS1_P13__va_list_tagP6ThreadPhPvS7_S1_im+0x64f
V  [libjvm.dylib+0x7b81bf]  _ZN7VMError14report_and_dieEP6ThreadPvPKciS4_S4_P13__va_list_tag+0x47
V  [libjvm.dylib+0x27550c]  _Z12report_fatalPKciS0_z+0xb5
V  [libjvm.dylib+0x68f285]  _ZN20SafepointSynchronize5blockEP10JavaThread+0x1cf
V  [libjvm.dylib+0x770a8e]  _ZN10JavaThread44check_safepoint_and_suspend_for_native_transEPS_+0xa8
V  [libjvm.dylib+0x3ec2e0]  jni_DeleteGlobalRef+0x93
C  [libglass.dylib+0x8e55]  -[GlassRunnable dealloc]+0x35
C  [Foundation+0x818be]  -[_NSThreadPerformInfo dealloc]+0x2a
C  [Foundation+0x4e446]  -[NSObject(NSThreadPerformAdditions) performSelectorOnMainThread:withObject:waitUntilDone:]+0x7c
j  com.sun.glass.ui.mac.MacApplication._submitForLaterInvocation(Ljava/lang/Runnable;)V+0
j  com.sun.glass.ui.mac.MacApplication.submitForLaterInvocation(Ljava/lang/Runnable;)V+2
j  com.sun.glass.ui.InvokeLaterDispatcher.run()V+82
v  ~StubRoutines::call_stub
V  [libjvm.dylib+0x3b0b2c]  _ZN9JavaCalls11call_helperEP9JavaValueRK12methodHandleP17JavaCallArgumentsP6Thread+0x21a
V  [libjvm.dylib+0x3aff76]  _ZN9JavaCalls12call_virtualEP9JavaValueP5KlassP6SymbolS5_P17JavaCallArgumentsP6Thread+0xee
V  [libjvm.dylib+0x3b0032]  _ZN9JavaCalls12call_virtualEP9JavaValue6HandleP5KlassP6SymbolS6_P6Thread+0x62
V  [libjvm.dylib+0x43667e]  _ZL12thread_entryP10JavaThreadP6Thread+0x78
V  [libjvm.dylib+0x76f462]  _ZN10JavaThread17thread_main_innerEv+0x82
V  [libjvm.dylib+0x76f2ac]  _ZN10JavaThread3runEv+0x174
V  [libjvm.dylib+0x76d188]  _ZN6Thread8call_runEv+0x68
V  [libjvm.dylib+0x61c663]  _ZL19thread_native_entryP6Thread+0x139
C  [libsystem_pthread.dylib+0x64e1]  _pthread_start+0x7d
C  [libsystem_pthread.dylib+0x1f6b]  thread_start+0xf

Java frames: (J=compiled Java code, j=interpreted, Vv=VM code)
j  com.sun.glass.ui.mac.MacApplication._submitForLaterInvocation(Ljava/lang/Runnable;)V+0
j  com.sun.glass.ui.mac.MacApplication.submitForLaterInvocation(Ljava/lang/Runnable;)V+2
j  com.sun.glass.ui.InvokeLaterDispatcher.run()V+82
v  ~StubRoutines::call_stub

---------------  P R O C E S S  ---------------

Threads class SMR info:
_java_thread_list=0x0000600002e0e860, length=19, elements={
0x00007faec000d800, 0x00007faec004e800, 0x00007faec0053800, 0x00007faec180f800,
0x00007faec1872800, 0x00007faec1878000, 0x00007faec1887800, 0x00007faec1888800,
0x00007faec18c5000, 0x00007faec00fb800, 0x00007faec194e000, 0x00007faec03f4800,
0x00007faec1098800, 0x00007faec4a03800, 0x00007faec17ff800, 0x00007faec4ae7000,
0x00007faec1e86800, 0x00007faec2f3e000, 0x00007faec5125000
}

Java Threads: ( => current thread )
  0x00007faec000d800 JavaThread "main" [_thread_blocked, id=6147, stack(0x00007000001e2000,0x00007000002e2000)]
  0x00007faec004e800 JavaThread "Reference Handler" daemon [_thread_blocked, id=14595, stack(0x00007000008f7000,0x00007000009f7000)]
  0x00007faec0053800 JavaThread "Finalizer" daemon [_thread_blocked, id=18435, stack(0x00007000009fa000,0x0000700000afa000)]
  0x00007faec180f800 JavaThread "Signal Dispatcher" daemon [_thread_blocked, id=17155, stack(0x0000700000c03000,0x0000700000d03000)]
  0x00007faec1872800 JavaThread "Service Thread" daemon [_thread_blocked, id=43267, stack(0x0000700000d06000,0x0000700000e06000)]
  0x00007faec1878000 JavaThread "C2 CompilerThread0" daemon [_thread_blocked, id=43011, stack(0x0000700000e09000,0x0000700000f09000)]
  0x00007faec1887800 JavaThread "C1 CompilerThread0" daemon [_thread_blocked, id=42499, stack(0x0000700000f0c000,0x000070000100c000)]
  0x00007faec1888800 JavaThread "Sweeper thread" daemon [_thread_blocked, id=23043, stack(0x000070000100f000,0x000070000110f000)]
  0x00007faec18c5000 JavaThread "Common-Cleaner" daemon [_thread_blocked, id=23811, stack(0x0000700001215000,0x0000700001315000)]
  0x00007faec00fb800 JavaThread "JavaFX-Launcher" [_thread_blocked, id=24579, stack(0x0000700001318000,0x0000700001418000)]
  0x00007faec194e000 JavaThread "QuantumRenderer-0" daemon [_thread_blocked, id=41219, stack(0x000070000141b000,0x000070000151b000)]
=>0x00007faec03f4800 JavaThread "InvokeLaterDispatcher" daemon [_thread_in_native, id=36103, stack(0x0000700001621000,0x0000700001721000)]
  0x00007faec1098800 JavaThread "JavaFX Application Thread" [_thread_in_native_trans, id=259, stack(0x00007ff7af86e000,0x00007ff7b006e000)]
  0x00007faec4a03800 JavaThread "Prism Font Disposer" daemon [_thread_blocked, id=73739, stack(0x0000700001bb6000,0x0000700001cb6000)]
  0x00007faec17ff800 JavaThread "Cleaner-0" daemon [_thread_blocked, id=60947, stack(0x000070000151e000,0x000070000161e000)]
  0x00007faec4ae7000 JavaThread "PulseTimer-CVDisplayLink thread" daemon [_thread_blocked, id=61195, stack(0x0000700001724000,0x00007000017a4000)]
  0x00007faec1e86800 JavaThread "CompletableFutureDelayScheduler" daemon [_thread_blocked, id=55927, stack(0x0000700001d3c000,0x0000700001e3c000)]
  0x00007faec2f3e000 JavaThread "ForkJoinPool.commonPool-worker-3" daemon [_thread_blocked, id=60423, stack(0x0000700001e3f000,0x0000700001f3f000)]
  0x00007faec5125000 JavaThread "C2 CompilerThread1" daemon [_thread_blocked, id=62219, stack(0x0000700002045000,0x0000700002145000)]

Other Threads:
  0x00007faec1050000 VMThread "VM Thread" [stack: 0x00007000007f4000,0x00007000008f4000] [id=14339] _threads_hazard_ptr=0x0000600002e0e860
  0x00007faec104d800 WatcherThread [stack: 0x0000700001112000,0x0000700001212000] [id=41987]
  0x00007faec0018000 GCTaskThread "GC Thread#0" [stack: 0x00007000002e5000,0x00007000003e5000] [id=12291]
  0x00007faec1b6b000 GCTaskThread "GC Thread#1" [stack: 0x00007000018ad000,0x00007000019ad000] [id=77315]
  0x00007faec1b77800 GCTaskThread "GC Thread#2" [stack: 0x00007000019b0000,0x0000700001ab0000] [id=55043]
  0x00007faec1b78800 GCTaskThread "GC Thread#3" [stack: 0x0000700001ab3000,0x0000700001bb3000] [id=76803]
  0x00007faec0046000 ConcurrentGCThread "G1 Main Marker" [stack: 0x00007000003e8000,0x00007000004e8000] [id=12547]
  0x00007faec0047000 ConcurrentGCThread "G1 Conc#0" [stack: 0x00007000004eb000,0x00007000005eb000] [id=13059]
  0x00007faec1861800 ConcurrentGCThread "G1 Refine#0" [stack: 0x00007000005ee000,0x00007000006ee000] [id=20739]
  0x00007faec5121000 ConcurrentGCThread "G1 Refine#1" [stack: 0x0000700001f42000,0x0000700002042000] [id=47731]
  0x00007faec1862000 ConcurrentGCThread "G1 Young RemSet Sampling" [stack: 0x00007000006f1000,0x00007000007f1000] [id=20227]

Threads with active compile tasks:
C2 CompilerThread0   9216 2146       4       shakki.domain.Lauta::getSiirrot (1046 bytes)
C1 CompilerThread0   9216 2155       3       java.util.ArrayList::remove (26 bytes)
C2 CompilerThread1   9216 2158       4       java.util.ArrayList::clear (43 bytes)

VM state:synchronizing (normal execution)

VM Mutex/Monitor currently owned by a thread:  ([mutex/lock_event])
[0x00006000000bff80] Safepoint_lock - owner thread: 0x00007faec1050000
[0x00006000000b0000] Threads_lock - owner thread: 0x00007faec1050000
[0x00006000000b0700] Heap_lock - owner thread: 0x00007faec0046000

Heap address: 0x0000000780000000, size: 2048 MB, Compressed Oops mode: Zero based, Oop shift amount: 3
Narrow klass base: 0x0000000800000000, Narrow klass shift: 0
Compressed class space size: 1073741824 Address: 0x0000000800000000

Heap:
 garbage-first heap   total 131072K, used 19438K [0x0000000780000000, 0x0000000800000000)
  region size 1024K, 16 young (16384K), 10 survivors (10240K)
 Metaspace       used 20637K, capacity 21343K, committed 21552K, reserved 1069056K
  class space    used 2652K, capacity 2922K, committed 2944K, reserved 1048576K
Heap Regions: E=young(eden), S=young(survivor), O=old, HS=humongous(starts), HC=humongous(continues), CS=collection set, F=free, A=archive, TAMS=top-at-mark-start (previous, next)
|   0|0x0000000780000000, 0x0000000780100000, 0x0000000780100000|100%| O|  |TAMS 0x0000000780100000, 0x0000000780000000| Updating 
|   1|0x0000000780100000, 0x0000000780100000, 0x0000000780200000|  0%| F|  |TAMS 0x0000000780100000, 0x0000000780100000| Untracked 
|   2|0x0000000780200000, 0x0000000780200000, 0x0000000780300000|  0%| F|  |TAMS 0x0000000780200000, 0x0000000780200000| Untracked 
|   3|0x0000000780300000, 0x0000000780400000, 0x0000000780400000|100%|HS|  |TAMS 0x0000000780400000, 0x0000000780300000| Complete 
|   4|0x0000000780400000, 0x0000000780500000, 0x0000000780500000|100%|HC|  |TAMS 0x0000000780500000, 0x0000000780400000| Complete 
|   5|0x0000000780500000, 0x00000007805fba00, 0x0000000780600000| 98%| O|  |TAMS 0x00000007805fba00, 0x0000000780500000| Updating 
|   6|0x0000000780600000, 0x0000000780600000, 0x0000000780700000|  0%| F|  |TAMS 0x0000000780600000, 0x0000000780600000| Untracked 
|   7|0x0000000780700000, 0x0000000780700000, 0x0000000780800000|  0%| F|  |TAMS 0x0000000780700000, 0x0000000780700000| Untracked 
|   8|0x0000000780800000, 0x0000000780800000, 0x0000000780900000|  0%| F|  |TAMS 0x0000000780800000, 0x0000000780800000| Untracked 
|   9|0x0000000780900000, 0x0000000780900000, 0x0000000780a00000|  0%| F|  |TAMS 0x0000000780900000, 0x0000000780900000| Untracked 
|  10|0x0000000780a00000, 0x0000000780a00000, 0x0000000780b00000|  0%| F|  |TAMS 0x0000000780a00000, 0x0000000780a00000| Untracked 
|  11|0x0000000780b00000, 0x0000000780b00000, 0x0000000780c00000|  0%| F|  |TAMS 0x0000000780b00000, 0x0000000780b00000| Untracked 
|  12|0x0000000780c00000, 0x0000000780c00000, 0x0000000780d00000|  0%| F|  |TAMS 0x0000000780c00000, 0x0000000780c00000| Untracked 
|  13|0x0000000780d00000, 0x0000000780d00000, 0x0000000780e00000|  0%| F|  |TAMS 0x0000000780d00000, 0x0000000780d00000| Untracked 
|  14|0x0000000780e00000, 0x0000000780e00000, 0x0000000780f00000|  0%| F|  |TAMS 0x0000000780e00000, 0x0000000780e00000| Untracked 
|  15|0x0000000780f00000, 0x0000000780f00000, 0x0000000781000000|  0%| F|  |TAMS 0x0000000780f00000, 0x0000000780f00000| Untracked 
|  16|0x0000000781000000, 0x0000000781000000, 0x0000000781100000|  0%| F|  |TAMS 0x0000000781000000, 0x0000000781000000| Untracked 
|  17|0x0000000781100000, 0x0000000781100000, 0x0000000781200000|  0%| F|  |TAMS 0x0000000781100000, 0x0000000781100000| Untracked 
|  18|0x0000000781200000, 0x0000000781200000, 0x0000000781300000|  0%| F|  |TAMS 0x0000000781200000, 0x0000000781200000| Untracked 
|  19|0x0000000781300000, 0x0000000781300000, 0x0000000781400000|  0%| F|  |TAMS 0x0000000781300000, 0x0000000781300000| Untracked 
|  20|0x0000000781400000, 0x0000000781400000, 0x0000000781500000|  0%| F|  |TAMS 0x0000000781400000, 0x0000000781400000| Untracked 
|  21|0x0000000781500000, 0x0000000781500000, 0x0000000781600000|  0%| F|  |TAMS 0x0000000781500000, 0x0000000781500000| Untracked 
|  22|0x0000000781600000, 0x0000000781600000, 0x0000000781700000|  0%| F|  |TAMS 0x0000000781600000, 0x0000000781600000| Untracked 
|  23|0x0000000781700000, 0x0000000781700000, 0x0000000781800000|  0%| F|  |TAMS 0x0000000781700000, 0x0000000781700000| Untracked 
|  24|0x0000000781800000, 0x0000000781800000, 0x0000000781900000|  0%| F|  |TAMS 0x0000000781800000, 0x0000000781800000| Untracked 
|  25|0x0000000781900000, 0x0000000781900000, 0x0000000781a00000|  0%| F|  |TAMS 0x0000000781900000, 0x0000000781900000| Untracked 
|  26|0x0000000781a00000, 0x0000000781a00000, 0x0000000781b00000|  0%| F|  |TAMS 0x0000000781a00000, 0x0000000781a00000| Untracked 
|  27|0x0000000781b00000, 0x0000000781b00000, 0x0000000781c00000|  0%| F|  |TAMS 0x0000000781b00000, 0x0000000781b00000| Untracked 
|  28|0x0000000781c00000, 0x0000000781c00000, 0x0000000781d00000|  0%| F|  |TAMS 0x0000000781c00000, 0x0000000781c00000| Untracked 
|  29|0x0000000781d00000, 0x0000000781d00000, 0x0000000781e00000|  0%| F|  |TAMS 0x0000000781d00000, 0x0000000781d00000| Untracked 
|  30|0x0000000781e00000, 0x0000000781e00000, 0x0000000781f00000|  0%| F|  |TAMS 0x0000000781e00000, 0x0000000781e00000| Untracked 
|  31|0x0000000781f00000, 0x0000000781f00000, 0x0000000782000000|  0%| F|  |TAMS 0x0000000781f00000, 0x0000000781f00000| Untracked 
|  32|0x0000000782000000, 0x0000000782000000, 0x0000000782100000|  0%| F|  |TAMS 0x0000000782000000, 0x0000000782000000| Untracked 
|  33|0x0000000782100000, 0x0000000782100000, 0x0000000782200000|  0%| F|  |TAMS 0x0000000782100000, 0x0000000782100000| Untracked 
|  34|0x0000000782200000, 0x0000000782200000, 0x0000000782300000|  0%| F|  |TAMS 0x0000000782200000, 0x0000000782200000| Untracked 
|  35|0x0000000782300000, 0x0000000782300000, 0x0000000782400000|  0%| F|  |TAMS 0x0000000782300000, 0x0000000782300000| Untracked 
|  36|0x0000000782400000, 0x0000000782400000, 0x0000000782500000|  0%| F|  |TAMS 0x0000000782400000, 0x0000000782400000| Untracked 
|  37|0x0000000782500000, 0x0000000782500000, 0x0000000782600000|  0%| F|  |TAMS 0x0000000782500000, 0x0000000782500000| Untracked 
|  38|0x0000000782600000, 0x0000000782600000, 0x0000000782700000|  0%| F|  |TAMS 0x0000000782600000, 0x0000000782600000| Untracked 
|  39|0x0000000782700000, 0x0000000782700000, 0x0000000782800000|  0%| F|  |TAMS 0x0000000782700000, 0x0000000782700000| Untracked 
|  40|0x0000000782800000, 0x0000000782800000, 0x0000000782900000|  0%| F|  |TAMS 0x0000000782800000, 0x0000000782800000| Untracked 
|  41|0x0000000782900000, 0x0000000782900000, 0x0000000782a00000|  0%| F|  |TAMS 0x0000000782900000, 0x0000000782900000| Untracked 
|  42|0x0000000782a00000, 0x0000000782a00000, 0x0000000782b00000|  0%| F|  |TAMS 0x0000000782a00000, 0x0000000782a00000| Untracked 
|  43|0x0000000782b00000, 0x0000000782b00000, 0x0000000782c00000|  0%| F|  |TAMS 0x0000000782b00000, 0x0000000782b00000| Untracked 
|  44|0x0000000782c00000, 0x0000000782c00000, 0x0000000782d00000|  0%| F|  |TAMS 0x0000000782c00000, 0x0000000782c00000| Untracked 
|  45|0x0000000782d00000, 0x0000000782d00000, 0x0000000782e00000|  0%| F|  |TAMS 0x0000000782d00000, 0x0000000782d00000| Untracked 
|  46|0x0000000782e00000, 0x0000000782e00000, 0x0000000782f00000|  0%| F|  |TAMS 0x0000000782e00000, 0x0000000782e00000| Untracked 
|  47|0x0000000782f00000, 0x0000000782f00000, 0x0000000783000000|  0%| F|  |TAMS 0x0000000782f00000, 0x0000000782f00000| Untracked 
|  48|0x0000000783000000, 0x0000000783000000, 0x0000000783100000|  0%| F|  |TAMS 0x0000000783000000, 0x0000000783000000| Untracked 
|  49|0x0000000783100000, 0x0000000783100000, 0x0000000783200000|  0%| F|  |TAMS 0x0000000783100000, 0x0000000783100000| Untracked 
|  50|0x0000000783200000, 0x0000000783200000, 0x0000000783300000|  0%| F|  |TAMS 0x0000000783200000, 0x0000000783200000| Untracked 
|  51|0x0000000783300000, 0x0000000783300000, 0x0000000783400000|  0%| F|  |TAMS 0x0000000783300000, 0x0000000783300000| Untracked 
|  52|0x0000000783400000, 0x0000000783400000, 0x0000000783500000|  0%| F|  |TAMS 0x0000000783400000, 0x0000000783400000| Untracked 
|  53|0x0000000783500000, 0x0000000783500000, 0x0000000783600000|  0%| F|  |TAMS 0x0000000783500000, 0x0000000783500000| Untracked 
|  54|0x0000000783600000, 0x0000000783600000, 0x0000000783700000|  0%| F|  |TAMS 0x0000000783600000, 0x0000000783600000| Untracked 
|  55|0x0000000783700000, 0x0000000783700000, 0x0000000783800000|  0%| F|  |TAMS 0x0000000783700000, 0x0000000783700000| Untracked 
|  56|0x0000000783800000, 0x0000000783800000, 0x0000000783900000|  0%| F|  |TAMS 0x0000000783800000, 0x0000000783800000| Untracked 
|  57|0x0000000783900000, 0x0000000783900000, 0x0000000783a00000|  0%| F|  |TAMS 0x0000000783900000, 0x0000000783900000| Untracked 
|  58|0x0000000783a00000, 0x0000000783a00000, 0x0000000783b00000|  0%| F|  |TAMS 0x0000000783a00000, 0x0000000783a00000| Untracked 
|  59|0x0000000783b00000, 0x0000000783b00000, 0x0000000783c00000|  0%| F|  |TAMS 0x0000000783b00000, 0x0000000783b00000| Untracked 
|  60|0x0000000783c00000, 0x0000000783c00000, 0x0000000783d00000|  0%| F|  |TAMS 0x0000000783c00000, 0x0000000783c00000| Untracked 
|  61|0x0000000783d00000, 0x0000000783d00000, 0x0000000783e00000|  0%| F|  |TAMS 0x0000000783d00000, 0x0000000783d00000| Untracked 
|  62|0x0000000783e00000, 0x0000000783e00000, 0x0000000783f00000|  0%| F|  |TAMS 0x0000000783e00000, 0x0000000783e00000| Untracked 
|  63|0x0000000783f00000, 0x0000000783f00000, 0x0000000784000000|  0%| F|  |TAMS 0x0000000783f00000, 0x0000000783f00000| Untracked 
|  64|0x0000000784000000, 0x0000000784000000, 0x0000000784100000|  0%| F|  |TAMS 0x0000000784000000, 0x0000000784000000| Untracked 
|  65|0x0000000784100000, 0x0000000784100000, 0x0000000784200000|  0%| F|  |TAMS 0x0000000784100000, 0x0000000784100000| Untracked 
|  66|0x0000000784200000, 0x0000000784200000, 0x0000000784300000|  0%| F|  |TAMS 0x0000000784200000, 0x0000000784200000| Untracked 
|  67|0x0000000784300000, 0x0000000784300000, 0x0000000784400000|  0%| F|  |TAMS 0x0000000784300000, 0x0000000784300000| Untracked 
|  68|0x0000000784400000, 0x0000000784400000, 0x0000000784500000|  0%| F|  |TAMS 0x0000000784400000, 0x0000000784400000| Untracked 
|  69|0x0000000784500000, 0x0000000784500000, 0x0000000784600000|  0%| F|  |TAMS 0x0000000784500000, 0x0000000784500000| Untracked 
|  70|0x0000000784600000, 0x0000000784700000, 0x0000000784700000|100%| S|CS|TAMS 0x0000000784600000, 0x0000000784600000| Complete 
|  71|0x0000000784700000, 0x0000000784800000, 0x0000000784800000|100%| S|CS|TAMS 0x0000000784700000, 0x0000000784700000| Complete 
|  72|0x0000000784800000, 0x0000000784900000, 0x0000000784900000|100%| S|CS|TAMS 0x0000000784800000, 0x0000000784800000| Complete 
|  73|0x0000000784900000, 0x0000000784a00000, 0x0000000784a00000|100%| S|CS|TAMS 0x0000000784900000, 0x0000000784900000| Complete 
|  74|0x0000000784a00000, 0x0000000784b00000, 0x0000000784b00000|100%| S|CS|TAMS 0x0000000784a00000, 0x0000000784a00000| Complete 
|  75|0x0000000784b00000, 0x0000000784c00000, 0x0000000784c00000|100%| S|CS|TAMS 0x0000000784b00000, 0x0000000784b00000| Complete 
|  76|0x0000000784c00000, 0x0000000784d00000, 0x0000000784d00000|100%| S|CS|TAMS 0x0000000784c00000, 0x0000000784c00000| Complete 
|  77|0x0000000784d00000, 0x0000000784e00000, 0x0000000784e00000|100%| S|CS|TAMS 0x0000000784d00000, 0x0000000784d00000| Complete 
|  78|0x0000000784e00000, 0x0000000784f00000, 0x0000000784f00000|100%| S|CS|TAMS 0x0000000784e00000, 0x0000000784e00000| Complete 
|  79|0x0000000784f00000, 0x0000000785000000, 0x0000000785000000|100%| S|CS|TAMS 0x0000000784f00000, 0x0000000784f00000| Complete 
|  80|0x0000000785000000, 0x0000000785000000, 0x0000000785100000|  0%| F|  |TAMS 0x0000000785000000, 0x0000000785000000| Untracked 
|  81|0x0000000785100000, 0x0000000785100000, 0x0000000785200000|  0%| F|  |TAMS 0x0000000785100000, 0x0000000785100000| Untracked 
|  82|0x0000000785200000, 0x0000000785200000, 0x0000000785300000|  0%| F|  |TAMS 0x0000000785200000, 0x0000000785200000| Untracked 
|  83|0x0000000785300000, 0x0000000785300000, 0x0000000785400000|  0%| F|  |TAMS 0x0000000785300000, 0x0000000785300000| Untracked 
|  84|0x0000000785400000, 0x0000000785400000, 0x0000000785500000|  0%| F|  |TAMS 0x0000000785400000, 0x0000000785400000| Untracked 
|  85|0x0000000785500000, 0x0000000785500000, 0x0000000785600000|  0%| F|  |TAMS 0x0000000785500000, 0x0000000785500000| Untracked 
|  86|0x0000000785600000, 0x0000000785600000, 0x0000000785700000|  0%| F|  |TAMS 0x0000000785600000, 0x0000000785600000| Untracked 
|  87|0x0000000785700000, 0x0000000785700000, 0x0000000785800000|  0%| F|  |TAMS 0x0000000785700000, 0x0000000785700000| Untracked 
|  88|0x0000000785800000, 0x0000000785800000, 0x0000000785900000|  0%| F|  |TAMS 0x0000000785800000, 0x0000000785800000| Untracked 
|  89|0x0000000785900000, 0x0000000785900000, 0x0000000785a00000|  0%| F|  |TAMS 0x0000000785900000, 0x0000000785900000| Untracked 
|  90|0x0000000785a00000, 0x0000000785a00000, 0x0000000785b00000|  0%| F|  |TAMS 0x0000000785a00000, 0x0000000785a00000| Untracked 
|  91|0x0000000785b00000, 0x0000000785b00000, 0x0000000785c00000|  0%| F|  |TAMS 0x0000000785b00000, 0x0000000785b00000| Untracked 
|  92|0x0000000785c00000, 0x0000000785c00000, 0x0000000785d00000|  0%| F|  |TAMS 0x0000000785c00000, 0x0000000785c00000| Untracked 
|  93|0x0000000785d00000, 0x0000000785d00000, 0x0000000785e00000|  0%| F|  |TAMS 0x0000000785d00000, 0x0000000785d00000| Untracked 
|  94|0x0000000785e00000, 0x0000000785e00000, 0x0000000785f00000|  0%| F|  |TAMS 0x0000000785e00000, 0x0000000785e00000| Untracked 
|  95|0x0000000785f00000, 0x0000000785f00000, 0x0000000786000000|  0%| F|  |TAMS 0x0000000785f00000, 0x0000000785f00000| Untracked 
|  96|0x0000000786000000, 0x0000000786000000, 0x0000000786100000|  0%| F|  |TAMS 0x0000000786000000, 0x0000000786000000| Untracked 
|  97|0x0000000786100000, 0x0000000786100000, 0x0000000786200000|  0%| F|  |TAMS 0x0000000786100000, 0x0000000786100000| Untracked 
|  98|0x0000000786200000, 0x0000000786200000, 0x0000000786300000|  0%| F|  |TAMS 0x0000000786200000, 0x0000000786200000| Untracked 
|  99|0x0000000786300000, 0x0000000786300000, 0x0000000786400000|  0%| F|  |TAMS 0x0000000786300000, 0x0000000786300000| Untracked 
| 100|0x0000000786400000, 0x0000000786400000, 0x0000000786500000|  0%| F|  |TAMS 0x0000000786400000, 0x0000000786400000| Untracked 
| 101|0x0000000786500000, 0x0000000786500000, 0x0000000786600000|  0%| F|  |TAMS 0x0000000786500000, 0x0000000786500000| Untracked 
| 102|0x0000000786600000, 0x0000000786600000, 0x0000000786700000|  0%| F|  |TAMS 0x0000000786600000, 0x0000000786600000| Untracked 
| 103|0x0000000786700000, 0x0000000786700000, 0x0000000786800000|  0%| F|  |TAMS 0x0000000786700000, 0x0000000786700000| Untracked 
| 104|0x0000000786800000, 0x0000000786800000, 0x0000000786900000|  0%| F|  |TAMS 0x0000000786800000, 0x0000000786800000| Untracked 
| 105|0x0000000786900000, 0x0000000786900000, 0x0000000786a00000|  0%| F|  |TAMS 0x0000000786900000, 0x0000000786900000| Untracked 
| 106|0x0000000786a00000, 0x0000000786a00000, 0x0000000786b00000|  0%| F|  |TAMS 0x0000000786a00000, 0x0000000786a00000| Untracked 
| 107|0x0000000786b00000, 0x0000000786b00000, 0x0000000786c00000|  0%| F|  |TAMS 0x0000000786b00000, 0x0000000786b00000| Untracked 
| 108|0x0000000786c00000, 0x0000000786c00000, 0x0000000786d00000|  0%| F|  |TAMS 0x0000000786c00000, 0x0000000786c00000| Untracked 
| 109|0x0000000786d00000, 0x0000000786d00000, 0x0000000786e00000|  0%| F|  |TAMS 0x0000000786d00000, 0x0000000786d00000| Untracked 
| 110|0x0000000786e00000, 0x0000000786e00000, 0x0000000786f00000|  0%| F|  |TAMS 0x0000000786e00000, 0x0000000786e00000| Untracked 
| 111|0x0000000786f00000, 0x0000000786f00000, 0x0000000787000000|  0%| F|  |TAMS 0x0000000786f00000, 0x0000000786f00000| Untracked 
| 112|0x0000000787000000, 0x0000000787000000, 0x0000000787100000|  0%| F|  |TAMS 0x0000000787000000, 0x0000000787000000| Untracked 
| 113|0x0000000787100000, 0x0000000787100000, 0x0000000787200000|  0%| F|  |TAMS 0x0000000787100000, 0x0000000787100000| Untracked 
| 114|0x0000000787200000, 0x0000000787200000, 0x0000000787300000|  0%| F|  |TAMS 0x0000000787200000, 0x0000000787200000| Untracked 
| 115|0x0000000787300000, 0x0000000787300000, 0x0000000787400000|  0%| F|  |TAMS 0x0000000787300000, 0x0000000787300000| Untracked 
| 116|0x0000000787400000, 0x0000000787400000, 0x0000000787500000|  0%| F|  |TAMS 0x0000000787400000, 0x0000000787400000| Untracked 
| 117|0x0000000787500000, 0x0000000787500000, 0x0000000787600000|  0%| F|  |TAMS 0x0000000787500000, 0x0000000787500000| Untracked 
| 118|0x0000000787600000, 0x0000000787600000, 0x0000000787700000|  0%| F|  |TAMS 0x0000000787600000, 0x0000000787600000| Untracked 
| 119|0x0000000787700000, 0x0000000787700000, 0x0000000787800000|  0%| F|  |TAMS 0x0000000787700000, 0x0000000787700000| Untracked 
| 120|0x0000000787800000, 0x0000000787800000, 0x0000000787900000|  0%| F|  |TAMS 0x0000000787800000, 0x0000000787800000| Untracked 
| 121|0x0000000787900000, 0x0000000787900000, 0x0000000787a00000|  0%| F|  |TAMS 0x0000000787900000, 0x0000000787900000| Untracked 
| 122|0x0000000787a00000, 0x0000000787b00000, 0x0000000787b00000|100%| E|  |TAMS 0x0000000787a00000, 0x0000000787a00000| Complete 
| 123|0x0000000787b00000, 0x0000000787c00000, 0x0000000787c00000|100%| E|CS|TAMS 0x0000000787b00000, 0x0000000787b00000| Complete 
| 124|0x0000000787c00000, 0x0000000787d00000, 0x0000000787d00000|100%| E|CS|TAMS 0x0000000787c00000, 0x0000000787c00000| Complete 
| 125|0x0000000787d00000, 0x0000000787e00000, 0x0000000787e00000|100%| E|CS|TAMS 0x0000000787d00000, 0x0000000787d00000| Complete 
| 126|0x0000000787e00000, 0x0000000787f00000, 0x0000000787f00000|100%| E|CS|TAMS 0x0000000787e00000, 0x0000000787e00000| Complete 
| 127|0x0000000787f00000, 0x0000000788000000, 0x0000000788000000|100%| E|CS|TAMS 0x0000000787f00000, 0x0000000787f00000| Complete 

Card table byte_map: [0x0000000110660000,0x0000000110a60000] _byte_map_base: 0x000000010ca60000

Marking Bits (Prev, Next): (CMBitMap*) 0x00007faec003d850, (CMBitMap*) 0x00007faec003d818
 Prev Bits: [0x000000011c611000, 0x000000011e611000)
 Next Bits: [0x000000011a611000, 0x000000011c611000)

Polling page: 0x000000010ffd1000

Metaspace:

Usage:
  Non-class:     17.99 MB capacity,    17.56 MB ( 98%) used,   361.09 KB (  2%) free+waste,    74.88 KB ( <1%) overhead. 
      Class:      2.85 MB capacity,     2.59 MB ( 91%) used,   231.62 KB (  8%) free+waste,    38.19 KB (  1%) overhead. 
       Both:     20.84 MB capacity,    20.15 MB ( 97%) used,   592.71 KB (  3%) free+waste,   113.06 KB ( <1%) overhead. 

Virtual space:
  Non-class space:       20.00 MB reserved,      18.17 MB ( 91%) committed 
      Class space:        1.00 GB reserved,       2.88 MB ( <1%) committed 
             Both:        1.02 GB reserved,      21.05 MB (  2%) committed 

Chunk freelists:
   Non-Class:  91.00 KB
       Class:  22.00 KB
        Both:  113.00 KB

MaxMetaspaceSize: unlimited
CompressedClassSpaceSize: 1.00 GB

CodeHeap 'non-profiled nmethods': size=120032Kb used=880Kb max_used=880Kb free=119152Kb
 bounds [0x00000001275f3000, 0x0000000127863000, 0x000000012eb2b000]
CodeHeap 'profiled nmethods': size=120032Kb used=4310Kb max_used=4310Kb free=115722Kb
 bounds [0x00000001200bb000, 0x00000001204fb000, 0x00000001275f3000]
CodeHeap 'non-nmethods': size=5696Kb used=1314Kb max_used=1344Kb free=4381Kb
 bounds [0x000000011fb2b000, 0x000000011fd9b000, 0x00000001200bb000]
 total_blobs=2904 nmethods=2150 adapters=666
 compilation: enabled
              stopped_count=0, restarted_count=0
 full_count=0

Compilation events (20 events):
Event: 9.126 Thread 0x00007faec1887800 2131       3       java.util.ArrayList::sort (45 bytes)
Event: 9.126 Thread 0x00007faec1887800 nmethod 2131 0x00000001204d4790 code [0x00000001204d4960, 0x00000001204d4bd0]
Event: 9.126 Thread 0x00007faec1887800 2144       3       shakki.domain.Lauta::kuninkaanSuunta (151 bytes)
Event: 9.127 Thread 0x00007faec1887800 nmethod 2144 0x00000001204d4d10 code [0x00000001204d5020, 0x00000001204d64f0]
Event: 9.127 Thread 0x00007faec1887800 2128       1       shakki.nappulat.Nappula::liikutettu (6 bytes)
Event: 9.127 Thread 0x00007faec1887800 nmethod 2128 0x00000001276ce490 code [0x00000001276ce640, 0x00000001276ce6f0]
Event: 9.127 Thread 0x00007faec1887800 2153       3       shakki.nappulat.Sotilas::asetaKoordinaatit (244 bytes)
Event: 9.128 Thread 0x00007faec1887800 nmethod 2153 0x00000001204d6b90 code [0x00000001204d6da0, 0x00000001204d7310]
Event: 9.128 Thread 0x00007faec1887800 2152       3       shakki.nappulat.Sotilas::paivitaSiirrot (1033 bytes)
Event: 9.133 Thread 0x00007faec1887800 nmethod 2152 0x00000001204d7810 code [0x00000001204d8140, 0x00000001204dee20]
Event: 9.134 Thread 0x00007faec1887800 2157       3       shakki.domain.Lauta::peruSiirto (733 bytes)
Event: 9.136 Thread 0x00007faec5125000 2150       4       shakki.nappulat.Nappula::p\u00e4ivit\u00e4Hy\u00f6k\u00e4tyt (109 bytes)
Event: 9.140 Thread 0x00007faec1887800 nmethod 2157 0x00000001204e1410 code [0x00000001204e1ac0, 0x00000001204e6b80]
Event: 9.140 Thread 0x00007faec1887800 2159       3       shakki.nappulat.Sotilas::paivitaArvio (430 bytes)
Event: 9.140 Thread 0x00007faec1887800 nmethod 2159 0x00000001204e8390 code [0x00000001204e85a0, 0x00000001204e8eb0]
Event: 9.140 Thread 0x00007faec1887800 2156       3       shakki.domain.TekoAly::minArvo (287 bytes)
Event: 9.144 Thread 0x00007faec1887800 nmethod 2156 0x00000001204e9190 code [0x00000001204e9780, 0x00000001204ecd30]
Event: 9.144 Thread 0x00007faec1887800 2154       3       java.util.ArrayList::fastRemove (44 bytes)
Event: 9.145 Thread 0x00007faec1887800 nmethod 2154 0x00000001204ee210 code [0x00000001204ee3e0, 0x00000001204ee7e0]
Event: 9.145 Thread 0x00007faec1887800 2151       3       shakki.domain.TehtySiirto::<init> (167 bytes)

GC Heap History (4 events):
Event: 0.740 GC heap before
{Heap before GC invocations=0 (full 0):
 garbage-first heap   total 131072K, used 13312K [0x0000000780000000, 0x0000000800000000)
  region size 1024K, 14 young (14336K), 0 survivors (0K)
 Metaspace       used 10316K, capacity 10593K, committed 10752K, reserved 1058816K
  class space    used 1079K, capacity 1194K, committed 1280K, reserved 1048576K
}
Event: 0.743 GC heap after
{Heap after GC invocations=1 (full 0):
 garbage-first heap   total 131072K, used 2549K [0x0000000780000000, 0x0000000800000000)
  region size 1024K, 2 young (2048K), 2 survivors (2048K)
 Metaspace       used 10316K, capacity 10593K, committed 10752K, reserved 1058816K
  class space    used 1079K, capacity 1194K, committed 1280K, reserved 1048576K
}
Event: 9.112 GC heap before
{Heap before GC invocations=1 (full 0):
 garbage-first heap   total 131072K, used 51701K [0x0000000780000000, 0x0000000800000000)
  region size 1024K, 48 young (49152K), 2 survivors (2048K)
 Metaspace       used 20629K, capacity 21215K, committed 21296K, reserved 1067008K
  class space    used 2652K, capacity 2922K, committed 2944K, reserved 1048576K
}
Event: 9.125 GC heap after
{Heap after GC invocations=2 (full 0):
 garbage-first heap   total 131072K, used 14318K [0x0000000780000000, 0x0000000800000000)
  region size 1024K, 10 young (10240K), 10 survivors (10240K)
 Metaspace       used 20629K, capacity 21215K, committed 21296K, reserved 1067008K
  class space    used 2652K, capacity 2922K, committed 2944K, reserved 1048576K
}

Deoptimization events (20 events):
Event: 4.342 Thread 0x00007faec1098800 DEOPT PACKING pc=0x00000001203e3e30 sp=0x00007ff7b0066a40
Event: 4.342 Thread 0x00007faec1098800 DEOPT UNPACKING pc=0x000000011fb519ba sp=0x00007ff7b0065f18 mode 0
Event: 4.342 Thread 0x00007faec1098800 DEOPT PACKING pc=0x00000001203e3e30 sp=0x00007ff7b0066a40
Event: 4.342 Thread 0x00007faec1098800 DEOPT UNPACKING pc=0x000000011fb519ba sp=0x00007ff7b0065f18 mode 0
Event: 4.344 Thread 0x00007faec1098800 DEOPT PACKING pc=0x00000001203e0da3 sp=0x00007ff7b0066c00
Event: 4.344 Thread 0x00007faec1098800 DEOPT UNPACKING pc=0x000000011fb519ba sp=0x00007ff7b00660b0 mode 0
Event: 4.345 Thread 0x00007faec1098800 DEOPT PACKING pc=0x00000001203e3e30 sp=0x00007ff7b0066a40
Event: 4.345 Thread 0x00007faec1098800 DEOPT UNPACKING pc=0x000000011fb519ba sp=0x00007ff7b0065f18 mode 0
Event: 4.345 Thread 0x00007faec1098800 DEOPT PACKING pc=0x00000001203e3e30 sp=0x00007ff7b0066a40
Event: 4.345 Thread 0x00007faec1098800 DEOPT UNPACKING pc=0x000000011fb519ba sp=0x00007ff7b0065f18 mode 0
Event: 4.346 Thread 0x00007faec1098800 DEOPT PACKING pc=0x00000001203e3e30 sp=0x00007ff7b0066a40
Event: 4.346 Thread 0x00007faec1098800 DEOPT UNPACKING pc=0x000000011fb519ba sp=0x00007ff7b0065f18 mode 0
Event: 4.347 Thread 0x00007faec1098800 DEOPT PACKING pc=0x00000001203e0da3 sp=0x00007ff7b0066c00
Event: 4.347 Thread 0x00007faec1098800 DEOPT UNPACKING pc=0x000000011fb519ba sp=0x00007ff7b00660b0 mode 0
Event: 4.350 Thread 0x00007faec1098800 DEOPT PACKING pc=0x00000001203e0da3 sp=0x00007ff7b0066c00
Event: 4.350 Thread 0x00007faec1098800 DEOPT UNPACKING pc=0x000000011fb519ba sp=0x00007ff7b00660b0 mode 0
Event: 9.043 Thread 0x00007faec1098800 Uncommon trap: trap_request=0xffffffde fr.pc=0x00000001276bfc68 relative=0x0000000000000268
Event: 9.043 Thread 0x00007faec1098800 Uncommon trap: reason=class_check action=maybe_recompile pc=0x00000001276bfc68 method=javafx.scene.Node.updateLocalToParentTransform()V @ 11 c2
Event: 9.043 Thread 0x00007faec1098800 DEOPT PACKING pc=0x00000001276bfc68 sp=0x00007ff7b0067830
Event: 9.043 Thread 0x00007faec1098800 DEOPT UNPACKING pc=0x000000011fb51ba5 sp=0x00007ff7b00677c8 mode 2

Classes redefined (0 events):
No events

Internal exceptions (20 events):
Event: 4.289 Thread 0x00007faec1098800 Exception <a 'java/io/FileNotFoundException'{0x0000000785ee6910}> (0x0000000785ee6910) thrown at [./src/hotspot/share/prims/jni.cpp, line 615]
Event: 4.291 Thread 0x00007faec1098800 Exception <a 'java/io/FileNotFoundException'{0x0000000785eee040}> (0x0000000785eee040) thrown at [./src/hotspot/share/prims/jni.cpp, line 615]
Event: 4.294 Thread 0x00007faec1098800 Exception <a 'java/io/FileNotFoundException'{0x0000000785ef5770}> (0x0000000785ef5770) thrown at [./src/hotspot/share/prims/jni.cpp, line 615]
Event: 4.298 Thread 0x00007faec1098800 Exception <a 'java/io/FileNotFoundException'{0x0000000785efd0f8}> (0x0000000785efd0f8) thrown at [./src/hotspot/share/prims/jni.cpp, line 615]
Event: 4.300 Thread 0x00007faec1098800 Exception <a 'java/io/FileNotFoundException'{0x0000000785de2238}> (0x0000000785de2238) thrown at [./src/hotspot/share/prims/jni.cpp, line 615]
Event: 4.303 Thread 0x00007faec1098800 Exception <a 'java/io/FileNotFoundException'{0x0000000785c5c0d0}> (0x0000000785c5c0d0) thrown at [./src/hotspot/share/prims/jni.cpp, line 615]
Event: 4.305 Thread 0x00007faec1098800 Exception <a 'java/io/FileNotFoundException'{0x0000000785c7d280}> (0x0000000785c7d280) thrown at [./src/hotspot/share/prims/jni.cpp, line 615]
Event: 4.307 Thread 0x00007faec1098800 Exception <a 'java/io/FileNotFoundException'{0x0000000785c9e430}> (0x0000000785c9e430) thrown at [./src/hotspot/share/prims/jni.cpp, line 615]
Event: 4.309 Thread 0x00007faec1098800 Exception <a 'java/io/FileNotFoundException'{0x0000000785cbf5e0}> (0x0000000785cbf5e0) thrown at [./src/hotspot/share/prims/jni.cpp, line 615]
Event: 4.311 Thread 0x00007faec1098800 Exception <a 'java/io/FileNotFoundException'{0x0000000785cc6b40}> (0x0000000785cc6b40) thrown at [./src/hotspot/share/prims/jni.cpp, line 615]
Event: 4.314 Thread 0x00007faec1098800 Exception <a 'java/io/FileNotFoundException'{0x0000000785cce0a0}> (0x0000000785cce0a0) thrown at [./src/hotspot/share/prims/jni.cpp, line 615]
Event: 4.315 Thread 0x00007faec1098800 Exception <a 'java/io/FileNotFoundException'{0x0000000785cd5600}> (0x0000000785cd5600) thrown at [./src/hotspot/share/prims/jni.cpp, line 615]
Event: 4.317 Thread 0x00007faec1098800 Exception <a 'java/io/FileNotFoundException'{0x0000000785cf6c90}> (0x0000000785cf6c90) thrown at [./src/hotspot/share/prims/jni.cpp, line 615]
Event: 4.321 Thread 0x00007faec1098800 Exception <a 'java/io/FileNotFoundException'{0x0000000785cfe308}> (0x0000000785cfe308) thrown at [./src/hotspot/share/prims/jni.cpp, line 615]
Event: 4.326 Thread 0x00007faec1098800 Exception <a 'java/io/FileNotFoundException'{0x0000000785bb5bb8}> (0x0000000785bb5bb8) thrown at [./src/hotspot/share/prims/jni.cpp, line 615]
Event: 4.332 Thread 0x00007faec1098800 Exception <a 'java/io/FileNotFoundException'{0x0000000785bbd590}> (0x0000000785bbd590) thrown at [./src/hotspot/share/prims/jni.cpp, line 615]
Event: 4.337 Thread 0x00007faec1098800 Exception <a 'java/io/FileNotFoundException'{0x0000000785bf3550}> (0x0000000785bf3550) thrown at [./src/hotspot/share/prims/jni.cpp, line 615]
Event: 4.340 Thread 0x00007faec1098800 Exception <a 'java/io/FileNotFoundException'{0x0000000785bfac90}> (0x0000000785bfac90) thrown at [./src/hotspot/share/prims/jni.cpp, line 615]
Event: 4.344 Thread 0x00007faec1098800 Exception <a 'java/io/FileNotFoundException'{0x0000000785abd180}> (0x0000000785abd180) thrown at [./src/hotspot/share/prims/jni.cpp, line 615]
Event: 4.348 Thread 0x00007faec1098800 Exception <a 'java/io/FileNotFoundException'{0x0000000785ac49e0}> (0x0000000785ac49e0) thrown at [./src/hotspot/share/prims/jni.cpp, line 615]

Events (20 events):
Event: 9.044 loading class java/math/BigInteger done
Event: 9.045 loading class java/util/concurrent/ForkJoinTask$RunnableExecuteAction
Event: 9.045 loading class java/util/concurrent/ForkJoinTask$RunnableExecuteAction done
Event: 9.045 loading class java/util/concurrent/ForkJoinTask$ExceptionNode
Event: 9.045 loading class java/util/concurrent/ForkJoinTask$ExceptionNode done
Event: 9.045 loading class java/util/concurrent/ForkJoinWorkerThread
Event: 9.046 loading class java/util/concurrent/ForkJoinWorkerThread done
Event: 9.046 loading class java/util/concurrent/ThreadLocalRandom
Event: 9.046 loading class java/util/Random
Event: 9.047 loading class java/util/Random done
Event: 9.047 loading class java/util/concurrent/ThreadLocalRandom done
Event: 9.047 loading class java/util/concurrent/ForkJoinPool$DefaultForkJoinWorkerThreadFactory$1
Event: 9.047 loading class java/util/concurrent/ForkJoinPool$DefaultForkJoinWorkerThreadFactory$1 done
Event: 9.048 Thread 0x00007faec2f3e000 Thread added: 0x00007faec2f3e000
Event: 9.048 Protecting memory [0x0000700001e3f000,0x0000700001e43000] with protection modes 0
Event: 9.112 Executing VM operation: CollectForMetadataAllocation
Event: 9.125 Executing VM operation: CollectForMetadataAllocation done
Event: 9.134 Thread 0x00007faec5125000 Thread added: 0x00007faec5125000
Event: 9.134 Protecting memory [0x0000700002045000,0x0000700002049000] with protection modes 0
Event: 9.145 Executing VM operation: CGC_Operation


Dynamic libraries:
0x000000010ffb2000 	/Library/Java/JavaVirtualMachines/adoptopenjdk-11.jdk/Contents/Home/lib/jli/libjli.dylib
0x00007ff82c113000 	/System/Library/Frameworks/Cocoa.framework/Versions/A/Cocoa
0x00007ff817d67000 	/System/Library/Frameworks/AppKit.framework/Versions/C/AppKit
0x00007ff81b27e000 	/System/Library/Frameworks/CoreData.framework/Versions/A/CoreData
0x00007ff81616a000 	/System/Library/Frameworks/Foundation.framework/Versions/C/Foundation
0x00007ff8200a1000 	/usr/lib/libSystem.B.dylib
0x00007ff818bf7000 	/System/Library/PrivateFrameworks/UIFoundation.framework/Versions/A/UIFoundation
0x00007ff826014000 	/System/Library/PrivateFrameworks/RemoteViewServices.framework/Versions/A/RemoteViewServices
0x00007ff81e2f5000 	/System/Library/PrivateFrameworks/XCTTargetBootstrap.framework/Versions/A/XCTTargetBootstrap
0x00007ff821eaa000 	/System/Library/PrivateFrameworks/InternationalSupport.framework/Versions/A/InternationalSupport
0x00007ff821f34000 	/System/Library/PrivateFrameworks/UserActivity.framework/Versions/A/UserActivity
0x00007ff821288000 	/usr/lib/libspindump.dylib
0x00007ff818e86000 	/System/Library/Frameworks/UniformTypeIdentifiers.framework/Versions/A/UniformTypeIdentifiers
0x00007ff81ca19000 	/usr/lib/libapp_launch_measurement.dylib
0x00007ff81bc50000 	/System/Library/PrivateFrameworks/CoreAnalytics.framework/Versions/A/CoreAnalytics
0x00007ff81ca1c000 	/System/Library/PrivateFrameworks/CoreAutoLayout.framework/Versions/A/CoreAutoLayout
0x00007ff81dc4c000 	/System/Library/Frameworks/Metal.framework/Versions/A/Metal
0x00007ff81e97b000 	/usr/lib/liblangid.dylib
0x00007ff81e2fa000 	/System/Library/PrivateFrameworks/CoreSVG.framework/Versions/A/CoreSVG
0x00007ff81a272000 	/System/Library/PrivateFrameworks/SkyLight.framework/Versions/A/SkyLight
0x00007ff81a611000 	/System/Library/Frameworks/CoreGraphics.framework/Versions/A/CoreGraphics
0x00007ff8266d4000 	/System/Library/Frameworks/Accelerate.framework/Versions/A/Accelerate
0x00007ff820d07000 	/System/Library/PrivateFrameworks/IconServices.framework/Versions/A/IconServices
0x00007ff81dc31000 	/System/Library/Frameworks/IOSurface.framework/Versions/A/IOSurface
0x00007ff81bc7e000 	/usr/lib/libDiagnosticMessagesClient.dylib
0x00007ff81ffc1000 	/usr/lib/libz.1.dylib
0x00007ff829db7000 	/System/Library/Frameworks/ApplicationServices.framework/Versions/A/ApplicationServices
0x00007ff81e2e1000 	/System/Library/PrivateFrameworks/DFRFoundation.framework/Versions/A/DFRFoundation
0x00007ff81764f000 	/usr/lib/libicucore.A.dylib
0x00007ff822ca0000 	/System/Library/Frameworks/AudioToolbox.framework/Versions/A/AudioToolbox
0x00007ff821eb6000 	/System/Library/PrivateFrameworks/DataDetectorsCore.framework/Versions/A/DataDetectorsCore
0x00007ff91e3b1000 	/System/Library/PrivateFrameworks/TextInput.framework/Versions/A/TextInput
0x00007ff81a1f5000 	/usr/lib/libMobileGestalt.dylib
0x00007ff81dfed000 	/System/Library/Frameworks/Carbon.framework/Versions/A/Frameworks/HIToolbox.framework/Versions/A/HIToolbox
0x00007ff81c41b000 	/System/Library/Frameworks/QuartzCore.framework/Versions/A/QuartzCore
0x00007ff8172f4000 	/System/Library/Frameworks/Security.framework/Versions/A/Security
0x00007ff82604c000 	/System/Library/Frameworks/Carbon.framework/Versions/A/Frameworks/SpeechRecognition.framework/Versions/A/SpeechRecognition
0x00007ff81c779000 	/System/Library/PrivateFrameworks/CoreUI.framework/Versions/A/CoreUI
0x00007ff816bbe000 	/System/Library/Frameworks/CoreAudio.framework/Versions/A/CoreAudio
0x00007ff81bd6d000 	/System/Library/Frameworks/DiskArbitration.framework/Versions/A/DiskArbitration
0x00007ff821676000 	/System/Library/PrivateFrameworks/MultitouchSupport.framework/Versions/A/MultitouchSupport
0x00007ff81a1f4000 	/usr/lib/libenergytrace.dylib
0x00007ff817c53000 	/System/Library/Frameworks/IOKit.framework/Versions/A/IOKit
0x00007ff82643c000 	/System/Library/Frameworks/CoreServices.framework/Versions/A/CoreServices
0x00007ff81c9b3000 	/System/Library/PrivateFrameworks/PerformanceAnalysis.framework/Versions/A/PerformanceAnalysis
0x00007ffa2e093000 	/System/Library/Frameworks/OpenGL.framework/Versions/A/OpenGL
0x00007ff81f5dd000 	/System/Library/PrivateFrameworks/MobileKeyBag.framework/Versions/A/MobileKeyBag
0x00007ff815134000 	/usr/lib/libobjc.A.dylib
0x00007ff81acdd000 	/System/Library/Frameworks/ColorSync.framework/Versions/A/ColorSync
0x00007ff8152ee000 	/System/Library/Frameworks/CoreFoundation.framework/Versions/A/CoreFoundation
0x00007ff81e571000 	/System/Library/Frameworks/CoreImage.framework/Versions/A/CoreImage
0x00007ff8169d2000 	/System/Library/Frameworks/CoreText.framework/Versions/A/CoreText
0x00007ff81e32a000 	/System/Library/Frameworks/ImageIO.framework/Versions/A/ImageIO
0x00007ff8200a7000 	/System/Library/PrivateFrameworks/SoftLinking.framework/Versions/A/SoftLinking
0x00007ff81ca64000 	/usr/lib/libxml2.2.dylib
0x00007ff8151fa000 	/usr/lib/libc++.1.dylib
0x00007ff82032b000 	/usr/lib/libcompression.dylib
0x00007ff821ddd000 	/System/Library/PrivateFrameworks/TextureIO.framework/Versions/A/TextureIO
0x00007ff820a19000 	/usr/lib/libate.dylib
0x00007ff82009c000 	/usr/lib/system/libcache.dylib
0x00007ff820058000 	/usr/lib/system/libcommonCrypto.dylib
0x00007ff820081000 	/usr/lib/system/libcompiler_rt.dylib
0x00007ff820077000 	/usr/lib/system/libcopyfile.dylib
0x00007ff81502f000 	/usr/lib/system/libcorecrypto.dylib
0x00007ff8150ed000 	/usr/lib/system/libdispatch.dylib
0x00007ff8152ad000 	/usr/lib/system/libdyld.dylib
0x00007ff820093000 	/usr/lib/system/libkeymgr.dylib
0x00007ff820036000 	/usr/lib/system/libmacho.dylib
0x00007ff81f6b7000 	/usr/lib/system/libquarantine.dylib
0x00007ff820091000 	/usr/lib/system/libremovefile.dylib
0x00007ff81a242000 	/usr/lib/system/libsystem_asl.dylib
0x00007ff814fd8000 	/usr/lib/system/libsystem_blocks.dylib
0x00007ff815171000 	/usr/lib/system/libsystem_c.dylib
0x00007ff820089000 	/usr/lib/system/libsystem_collections.dylib
0x00007ff81e96b000 	/usr/lib/system/libsystem_configuration.dylib
0x00007ff81dc14000 	/usr/lib/system/libsystem_containermanager.dylib
0x00007ff81fd6e000 	/usr/lib/system/libsystem_coreservices.dylib
0x00007ff8178e3000 	/usr/lib/system/libsystem_darwin.dylib
0x00007ff820094000 	/usr/lib/system/libsystem_dnssd.dylib
0x00007ff81516e000 	/usr/lib/system/libsystem_featureflags.dylib
0x00007ff8152c3000 	/usr/lib/system/libsystem_info.dylib
0x00007ff81ffd4000 	/usr/lib/system/libsystem_m.dylib
0x00007ff8150c1000 	/usr/lib/system/libsystem_malloc.dylib
0x00007ff81a1dd000 	/usr/lib/system/libsystem_networkextension.dylib
0x00007ff817d09000 	/usr/lib/system/libsystem_notify.dylib
0x00007ff826311000 	/usr/lib/system/libsystem_product_info_filter.dylib
0x00007ff81e96f000 	/usr/lib/system/libsystem_sandbox.dylib
0x00007ff82008e000 	/usr/lib/system/libsystem_secinit.dylib
0x00007ff815269000 	/usr/lib/system/libsystem_kernel.dylib
0x00007ff8152b9000 	/usr/lib/system/libsystem_platform.dylib
0x00007ff8152a1000 	/usr/lib/system/libsystem_pthread.dylib
0x00007ff81ba90000 	/usr/lib/system/libsystem_symptoms.dylib
0x00007ff815016000 	/usr/lib/system/libsystem_trace.dylib
0x00007ff820064000 	/usr/lib/system/libunwind.dylib
0x00007ff814fda000 	/usr/lib/system/libxpc.dylib
0x00007ff815253000 	/usr/lib/libc++abi.dylib
0x00007ff82006f000 	/usr/lib/liboah.dylib
0x00007ff8207f5000 	/usr/lib/liblzma.5.dylib
0x00007ff815e7c000 	/System/Library/Frameworks/SystemConfiguration.framework/Versions/A/SystemConfiguration
0x00007ff8200a3000 	/usr/lib/libfakelink.dylib
0x00007ff819d4d000 	/System/Library/Frameworks/CFNetwork.framework/Versions/A/CFNetwork
0x00007ff8201e4000 	/usr/lib/libarchive.2.dylib
0x00007ff81e977000 	/System/Library/PrivateFrameworks/AppleSystemInfo.framework/Versions/A/AppleSystemInfo
0x00007ff81f6de000 	/usr/lib/libbsm.0.dylib
0x00007ff81935c000 	/usr/lib/libnetwork.dylib
0x00007ff82003c000 	/usr/lib/system/libkxld.dylib
0x00007ff81f311000 	/System/Library/PrivateFrameworks/IOMobileFramebuffer.framework/Versions/A/IOMobileFramebuffer
0x00007ffb2da62000 	/usr/lib/libCoreEntitlements.dylib
0x00007ff81fd50000 	/System/Library/PrivateFrameworks/AppleFSCompression.framework/Versions/A/AppleFSCompression
0x00007ff81f6c6000 	/usr/lib/libcoretls.dylib
0x00007ff82080f000 	/usr/lib/libcoretls_cfhelpers.dylib
0x00007ff820326000 	/usr/lib/libpam.2.dylib
0x00007ff81b6af000 	/usr/lib/libsqlite3.dylib
0x00007ff82087e000 	/usr/lib/libxar.1.dylib
0x00007ff81fd60000 	/usr/lib/libbz2.1.0.dylib
0x00007ff8200a8000 	/usr/lib/libpcap.A.dylib
0x00007ff81ba88000 	/usr/lib/libdns_services.dylib
0x00007ff8202f6000 	/usr/lib/libapple_nghttp2.dylib
0x00007ff8200e2000 	/usr/lib/libiconv.2.dylib
0x00007ff820035000 	/usr/lib/libcharset.1.dylib
0x00007ff81c9e7000 	/System/Library/Frameworks/CoreServices.framework/Versions/A/Frameworks/FSEvents.framework/Versions/A/FSEvents
0x00007ff8178ed000 	/System/Library/Frameworks/CoreServices.framework/Versions/A/Frameworks/CarbonCore.framework/Versions/A/CarbonCore
0x00007ff81bcd1000 	/System/Library/Frameworks/CoreServices.framework/Versions/A/Frameworks/Metadata.framework/Versions/A/Metadata
0x00007ff81fd73000 	/System/Library/Frameworks/CoreServices.framework/Versions/A/Frameworks/OSServices.framework/Versions/A/OSServices
0x00007ff82026b000 	/System/Library/Frameworks/CoreServices.framework/Versions/A/Frameworks/SearchKit.framework/Versions/A/SearchKit
0x00007ff81ba1a000 	/System/Library/Frameworks/CoreServices.framework/Versions/A/Frameworks/AE.framework/Versions/A/AE
0x00007ff8157f1000 	/System/Library/Frameworks/CoreServices.framework/Versions/A/Frameworks/LaunchServices.framework/Versions/A/LaunchServices
0x00007ff8207a6000 	/System/Library/Frameworks/CoreServices.framework/Versions/A/Frameworks/DictionaryServices.framework/Versions/A/DictionaryServices
0x00007ff81c9f4000 	/System/Library/Frameworks/CoreServices.framework/Versions/A/Frameworks/SharedFileList.framework/Versions/A/SharedFileList
0x00007ff81f6ba000 	/usr/lib/libCheckFix.dylib
0x00007ff81a259000 	/System/Library/PrivateFrameworks/TCC.framework/Versions/A/TCC
0x00007ff81e97d000 	/System/Library/PrivateFrameworks/CoreNLP.framework/Versions/A/CoreNLP
0x00007ff81bc81000 	/System/Library/PrivateFrameworks/MetadataUtilities.framework/Versions/A/MetadataUtilities
0x00007ff815f2d000 	/usr/lib/libmecabra.dylib
0x00007ff81f6ee000 	/usr/lib/libmecab.dylib
0x00007ff815ef8000 	/usr/lib/libCRFSuite.dylib
0x00007ff81f748000 	/usr/lib/libgermantok.dylib
0x00007ff8202d1000 	/usr/lib/libThaiTokenizer.dylib
0x00007ff81bd74000 	/System/Library/Frameworks/Accelerate.framework/Versions/A/Frameworks/vImage.framework/Versions/A/vImage
0x00007ff826413000 	/System/Library/Frameworks/Accelerate.framework/Versions/A/Frameworks/vecLib.framework/Versions/A/vecLib
0x00007ff8208bf000 	/System/Library/Frameworks/Accelerate.framework/Versions/A/Frameworks/vecLib.framework/Versions/A/libvMisc.dylib
0x00007ff81f13c000 	/System/Library/Frameworks/Accelerate.framework/Versions/A/Frameworks/vecLib.framework/Versions/A/libvDSP.dylib
0x00007ff815b6c000 	/System/Library/Frameworks/Accelerate.framework/Versions/A/Frameworks/vecLib.framework/Versions/A/libBLAS.dylib
0x00007ff820408000 	/System/Library/Frameworks/Accelerate.framework/Versions/A/Frameworks/vecLib.framework/Versions/A/libLAPACK.dylib
0x00007ff81f74b000 	/System/Library/Frameworks/Accelerate.framework/Versions/A/Frameworks/vecLib.framework/Versions/A/libLinearAlgebra.dylib
0x00007ff82030e000 	/System/Library/Frameworks/Accelerate.framework/Versions/A/Frameworks/vecLib.framework/Versions/A/libSparseBLAS.dylib
0x00007ff820402000 	/System/Library/Frameworks/Accelerate.framework/Versions/A/Frameworks/vecLib.framework/Versions/A/libQuadrature.dylib
0x00007ff81ea68000 	/System/Library/Frameworks/Accelerate.framework/Versions/A/Frameworks/vecLib.framework/Versions/A/libBNNS.dylib
0x00007ff815e06000 	/System/Library/Frameworks/Accelerate.framework/Versions/A/Frameworks/vecLib.framework/Versions/A/libSparse.dylib
0x00007ff81ea61000 	/System/Library/PrivateFrameworks/LinguisticData.framework/Versions/A/LinguisticData
0x00007ff815dbc000 	/System/Library/PrivateFrameworks/Lexicon.framework/Versions/A/Lexicon
0x00007ff8208b8000 	/usr/lib/libChineseTokenizer.dylib
0x00007ff816527000 	/System/Library/PrivateFrameworks/LanguageModeling.framework/Versions/A/LanguageModeling
0x00007ff8202d3000 	/System/Library/PrivateFrameworks/AppleSauce.framework/Versions/A/AppleSauce
0x00007ff81f2ff000 	/System/Library/PrivateFrameworks/CoreEmoji.framework/Versions/A/CoreEmoji
0x00007ff8201d3000 	/usr/lib/libcmph.dylib
0x00007ff81c9cb000 	/System/Library/Frameworks/OpenDirectory.framework/Versions/A/Frameworks/CFOpenDirectory.framework/Versions/A/CFOpenDirectory
0x00007ff81c9bf000 	/System/Library/Frameworks/OpenDirectory.framework/Versions/A/OpenDirectory
0x00007ff820811000 	/System/Library/PrivateFrameworks/APFS.framework/Versions/A/APFS
0x00007ff81f615000 	/System/Library/Frameworks/SecurityFoundation.framework/Versions/A/SecurityFoundation
0x00007ff82088c000 	/usr/lib/libutil.dylib
0x00007ff817c17000 	/System/Library/PrivateFrameworks/CoreServicesStore.framework/Versions/A/CoreServicesStore
0x00007ff820890000 	/usr/lib/libxslt.1.dylib
0x00007ff81f6a2000 	/System/Library/PrivateFrameworks/BackgroundTaskManagement.framework/Versions/A/BackgroundTaskManagement
0x00007ff821cfd000 	/System/Library/Frameworks/ImageIO.framework/Versions/A/Resources/libRadiance.dylib
0x00007ff821d06000 	/System/Library/Frameworks/ImageIO.framework/Versions/A/Resources/libJPEG.dylib
0x00007ff821c55000 	/System/Library/Frameworks/ImageIO.framework/Versions/A/Resources/libPng.dylib
0x00007ff821c76000 	/System/Library/Frameworks/ImageIO.framework/Versions/A/Resources/libTIFF.dylib
0x00007ff821d66000 	/System/Library/Frameworks/ImageIO.framework/Versions/A/Resources/libGIF.dylib
0x00007ff821590000 	/System/Library/Frameworks/ImageIO.framework/Versions/A/Resources/libJP2.dylib
0x00007ff820cce000 	/usr/lib/libexpat.1.dylib
0x00007ff821545000 	/System/Library/PrivateFrameworks/AppleJPEG.framework/Versions/A/AppleJPEG
0x00007ff81deb1000 	/System/Library/PrivateFrameworks/FontServices.framework/libFontParser.dylib
0x00007ff81b9c4000 	/System/Library/PrivateFrameworks/RunningBoardServices.framework/Versions/A/RunningBoardServices
0x00007ff82c6ce000 	/System/Library/PrivateFrameworks/IOSurfaceAccelerator.framework/Versions/A/IOSurfaceAccelerator
0x00007ff821672000 	/System/Library/PrivateFrameworks/WatchdogClient.framework/Versions/A/WatchdogClient
0x00007ff816615000 	/System/Library/Frameworks/CoreDisplay.framework/Versions/A/CoreDisplay
0x00007ff81ddaf000 	/System/Library/Frameworks/CoreMedia.framework/Versions/A/CoreMedia
0x00007ff81dc43000 	/System/Library/PrivateFrameworks/IOAccelerator.framework/Versions/A/IOAccelerator
0x00007ff81cb48000 	/System/Library/Frameworks/CoreVideo.framework/Versions/A/CoreVideo
0x00007ff820324000 	/System/Library/Frameworks/MetalPerformanceShaders.framework/Versions/A/MetalPerformanceShaders
0x00007ff8216af000 	/System/Library/Frameworks/VideoToolbox.framework/Versions/A/VideoToolbox
0x00007ff81b90e000 	/System/Library/PrivateFrameworks/BaseBoard.framework/Versions/A/BaseBoard
0x00007ff81b695000 	/System/Library/PrivateFrameworks/ProtocolBuffer.framework/Versions/A/ProtocolBuffer
0x00007ff821cf6000 	/System/Library/PrivateFrameworks/GPUWrangler.framework/Versions/A/GPUWrangler
0x00007ff821cda000 	/System/Library/PrivateFrameworks/IOPresentment.framework/Versions/A/IOPresentment
0x00007ff821d00000 	/System/Library/PrivateFrameworks/DSExternalDisplay.framework/Versions/A/DSExternalDisplay
0x00007ffa2e087000 	/System/Library/Frameworks/OpenGL.framework/Versions/A/Libraries/libCoreFSCache.dylib
0x00007ffb1b15e000 	/System/Library/PrivateFrameworks/GPUCompiler.framework/Versions/31001/Libraries/libGPUCompilerUtils.dylib
0x00007ff821d6b000 	/System/Library/PrivateFrameworks/CMCaptureCore.framework/Versions/A/CMCaptureCore
0x00007ff821276000 	/System/Library/PrivateFrameworks/AppServerSupport.framework/Versions/A/AppServerSupport
0x00007ff823539000 	/System/Library/PrivateFrameworks/perfdata.framework/Versions/A/perfdata
0x00007ff816741000 	/System/Library/PrivateFrameworks/AudioToolboxCore.framework/Versions/A/AudioToolboxCore
0x00007ff81dd8d000 	/System/Library/PrivateFrameworks/caulk.framework/Versions/A/caulk
0x00007ff822e4b000 	/usr/lib/libAudioStatistics.dylib
0x00007ff91ab3f000 	/System/Library/PrivateFrameworks/SystemPolicy.framework/Versions/A/SystemPolicy
0x00007ff8230a6000 	/usr/lib/libSMC.dylib
0x00007ff82bfc6000 	/System/Library/Frameworks/CoreMIDI.framework/Versions/A/CoreMIDI
0x00007ff821c24000 	/usr/lib/libAudioToolboxUtility.dylib
0x00007ff916d6b000 	/System/Library/PrivateFrameworks/OSAServicesClient.framework/Versions/A/OSAServicesClient
0x00007ff823546000 	/usr/lib/libperfcheck.dylib
0x00007ff91b5ec000 	/usr/lib/libmis.dylib
0x00007ffa2e0e2000 	/System/Library/Frameworks/OpenGL.framework/Versions/A/Libraries/libGLU.dylib
0x00007ffa2e0a6000 	/System/Library/Frameworks/OpenGL.framework/Versions/A/Libraries/libGFXShared.dylib
0x00007ffa2e2af000 	/System/Library/Frameworks/OpenGL.framework/Versions/A/Libraries/libGL.dylib
0x00007ffa2e0af000 	/System/Library/Frameworks/OpenGL.framework/Versions/A/Libraries/libGLImage.dylib
0x00007ffa2e0a3000 	/System/Library/Frameworks/OpenGL.framework/Versions/A/Libraries/libCVMSPluginSupport.dylib
0x00007ffa2e08e000 	/System/Library/Frameworks/OpenGL.framework/Versions/A/Libraries/libCoreVMClient.dylib
0x00007ff81e8f9000 	/System/Library/Frameworks/MetalPerformanceShaders.framework/Versions/A/Frameworks/MPSCore.framework/Versions/A/MPSCore
0x00007ff81fcbb000 	/System/Library/Frameworks/MetalPerformanceShaders.framework/Versions/A/Frameworks/MPSImage.framework/Versions/A/MPSImage
0x00007ff81f761000 	/System/Library/Frameworks/MetalPerformanceShaders.framework/Versions/A/Frameworks/MPSNeuralNetwork.framework/Versions/A/MPSNeuralNetwork
0x00007ff81fbd5000 	/System/Library/Frameworks/MetalPerformanceShaders.framework/Versions/A/Frameworks/MPSMatrix.framework/Versions/A/MPSMatrix
0x00007ff81f990000 	/System/Library/Frameworks/MetalPerformanceShaders.framework/Versions/A/Frameworks/MPSRayIntersector.framework/Versions/A/MPSRayIntersector
0x00007ff81fc0d000 	/System/Library/Frameworks/MetalPerformanceShaders.framework/Versions/A/Frameworks/MPSNDArray.framework/Versions/A/MPSNDArray
0x00007ffa33b67000 	/System/Library/Frameworks/MetalPerformanceShaders.framework/Versions/A/Frameworks/MPSFunctions.framework/Versions/A/MPSFunctions
0x00007ff815a48000 	/System/Library/PrivateFrameworks/MetalTools.framework/Versions/A/MetalTools
0x00007ff81e975000 	/System/Library/PrivateFrameworks/AggregateDictionary.framework/Versions/A/AggregateDictionary
0x00007ff820ab0000 	/usr/lib/libIOReport.dylib
0x00007ffa2f6be000 	/System/Library/Frameworks/OpenCL.framework/Versions/A/OpenCL
0x00007ff820e14000 	/System/Library/PrivateFrameworks/FaceCore.framework/Versions/A/FaceCore
0x00007ff820e05000 	/System/Library/PrivateFrameworks/GraphVisualizer.framework/Versions/A/GraphVisualizer
0x00007ffb1b069000 	/System/Library/PrivateFrameworks/FontServices.framework/Versions/A/FontServices
0x00007ff82122e000 	/System/Library/PrivateFrameworks/OTSVG.framework/Versions/A/OTSVG
0x00007ff81c72e000 	/System/Library/Frameworks/ApplicationServices.framework/Versions/A/Frameworks/ATS.framework/Versions/A/Resources/libFontRegistry.dylib
0x00007ff82127e000 	/System/Library/PrivateFrameworks/FontServices.framework/libhvf.dylib
0x00007ffb1b06a000 	/System/Library/PrivateFrameworks/FontServices.framework/libXTFontStaticRegistryData.dylib
0x00007ff820c7e000 	/System/Library/PrivateFrameworks/AppleVA.framework/Versions/A/AppleVA
0x00007ff822e6b000 	/System/Library/Frameworks/ApplicationServices.framework/Versions/A/Frameworks/ATS.framework/Versions/A/ATS
0x00007ff81addb000 	/System/Library/Frameworks/ApplicationServices.framework/Versions/A/Frameworks/HIServices.framework/Versions/A/HIServices
0x00007ff821d75000 	/System/Library/Frameworks/ApplicationServices.framework/Versions/A/Frameworks/PrintCore.framework/Versions/A/PrintCore
0x00007ff8231f9000 	/System/Library/Frameworks/ApplicationServices.framework/Versions/A/Frameworks/QD.framework/Versions/A/QD
0x00007ff8231f1000 	/System/Library/Frameworks/ApplicationServices.framework/Versions/A/Frameworks/ColorSyncLegacy.framework/Versions/A/ColorSyncLegacy
0x00007ff822e5b000 	/System/Library/Frameworks/ApplicationServices.framework/Versions/A/Frameworks/SpeechSynthesis.framework/Versions/A/SpeechSynthesis
0x00007ff821d36000 	/System/Library/Frameworks/ApplicationServices.framework/Versions/A/Frameworks/ATSUI.framework/Versions/A/ATSUI
0x00007ff823186000 	/usr/lib/libcups.2.dylib
0x00007ff823555000 	/System/Library/Frameworks/Kerberos.framework/Versions/A/Kerberos
0x00007ff823564000 	/System/Library/Frameworks/GSS.framework/Versions/A/GSS
0x00007ff822ed7000 	/usr/lib/libresolv.9.dylib
0x00007ff82128d000 	/System/Library/PrivateFrameworks/Heimdal.framework/Versions/A/Heimdal
0x00007ff82a149000 	/System/Library/Frameworks/Kerberos.framework/Versions/A/Libraries/libHeimdalProxy.dylib
0x00007ff81ba98000 	/System/Library/Frameworks/Network.framework/Versions/A/Network
0x00007ff820ce8000 	/usr/lib/libheimdal-asn1.dylib
0x00007ff8235af000 	/System/Library/PrivateFrameworks/CommonAuth.framework/Versions/A/CommonAuth
0x00007ff822ddd000 	/System/Library/PrivateFrameworks/AudioSession.framework/Versions/A/AudioSession
0x00007ff820d78000 	/System/Library/PrivateFrameworks/MediaExperience.framework/Versions/A/MediaExperience
0x00007ff822c6f000 	/System/Library/PrivateFrameworks/AudioSession.framework/libSessionUtility.dylib
0x00007ff823205000 	/System/Library/PrivateFrameworks/AudioResourceArbitration.framework/Versions/A/AudioResourceArbitration
0x00007ff827286000 	/System/Library/PrivateFrameworks/PowerLog.framework/Versions/A/PowerLog
0x00007ff820cf1000 	/System/Library/PrivateFrameworks/IconFoundation.framework/Versions/A/IconFoundation
0x00007ff82603c000 	/System/Library/PrivateFrameworks/SpeechRecognitionCore.framework/Versions/A/SpeechRecognitionCore
0x0000000110d61000 	/Library/Java/JavaVirtualMachines/adoptopenjdk-11.jdk/Contents/Home/lib/server/libjvm.dylib
0x000000010ffe1000 	/Library/Java/JavaVirtualMachines/adoptopenjdk-11.jdk/Contents/Home/lib/libverify.dylib
0x000000011001e000 	/Library/Java/JavaVirtualMachines/adoptopenjdk-11.jdk/Contents/Home/lib/libjava.dylib
0x000000010fff2000 	/Library/Java/JavaVirtualMachines/adoptopenjdk-11.jdk/Contents/Home/lib/libjimage.dylib
0x000000011000a000 	/Library/Java/JavaVirtualMachines/adoptopenjdk-11.jdk/Contents/Home/lib/libzip.dylib
0x0000000110ac4000 	/Library/Java/JavaVirtualMachines/adoptopenjdk-11.jdk/Contents/Home/lib/libnio.dylib
0x0000000110af0000 	/Library/Java/JavaVirtualMachines/adoptopenjdk-11.jdk/Contents/Home/lib/libnet.dylib
0x0000000110ad7000 	/Users/saulisorvari/.openjfx/cache/12.0.2/libprism_es2.dylib
0x00007ff817bd9000 	/System/Library/PrivateFrameworks/CoreServicesInternal.framework/Versions/A/CoreServicesInternal
0x00007ffa2e2ba000 	/System/Library/Frameworks/OpenGL.framework/Versions/A/Resources/GLEngine.bundle/GLEngine
0x00007ffa2e120000 	/System/Library/Frameworks/OpenGL.framework/Versions/A/Libraries/libGLProgrammability.dylib
0x00007ffa23136000 	/System/Library/Extensions/AppleIntelKBLGraphicsGLDriver.bundle/Contents/MacOS/AppleIntelKBLGraphicsGLDriver
0x00007ff925787000 	/System/Library/PrivateFrameworks/GPUSupport.framework/Versions/A/Libraries/libGPUSupportMercury.dylib
0x00007ffa2e444000 	/System/Library/Frameworks/OpenGL.framework/Versions/A/Resources/GLRendererFloat.bundle/GLRendererFloat
0x000000011f8a3000 	/Users/saulisorvari/.openjfx/cache/12.0.2/libglass.dylib
0x00007ff827877000 	/System/Library/Frameworks/FileProvider.framework/Versions/A/FileProvider
0x00007ff81b87b000 	/System/Library/Frameworks/Accounts.framework/Versions/A/Accounts
0x00007ff8279f0000 	/System/Library/PrivateFrameworks/GenerationalStorage.framework/Versions/A/GenerationalStorage
0x00007ff828500000 	/System/Library/PrivateFrameworks/CoreSymbolication.framework/Versions/A/CoreSymbolication
0x00007ff82727b000 	/System/Library/PrivateFrameworks/SymptomDiagnosticReporter.framework/Versions/A/SymptomDiagnosticReporter
0x00007ff818e9a000 	/System/Library/PrivateFrameworks/DesktopServicesPriv.framework/Versions/A/DesktopServicesPriv
0x00007ff817d18000 	/usr/lib/libsandbox.1.dylib
0x00007ff81cbc7000 	/System/Library/PrivateFrameworks/UserManagement.framework/Versions/A/UserManagement
0x00007ff8284c5000 	/System/Library/PrivateFrameworks/DebugSymbols.framework/Versions/A/DebugSymbols
0x00007ff8231e6000 	/System/Library/PrivateFrameworks/NetAuth.framework/Versions/A/NetAuth
0x00007ff8240f5000 	/System/Library/PrivateFrameworks/Sharing.framework/Versions/A/Sharing
0x00007ff81cb9a000 	/System/Library/PrivateFrameworks/login.framework/Versions/A/Frameworks/loginsupport.framework/Versions/A/loginsupport
0x00007ff829663000 	/System/Library/PrivateFrameworks/Apple80211.framework/Versions/A/Apple80211
0x00007ff81fda0000 	/System/Library/PrivateFrameworks/AuthKit.framework/Versions/A/AuthKit
0x00007ff81f3f5000 	/System/Library/PrivateFrameworks/CoreUtils.framework/Versions/A/CoreUtils
0x00007ff81f31c000 	/System/Library/Frameworks/CoreWLAN.framework/Versions/A/CoreWLAN
0x00007ff824254000 	/System/Library/Frameworks/IOBluetooth.framework/Versions/A/IOBluetooth
0x00007ff8296cb000 	/System/Library/PrivateFrameworks/CoreWiFi.framework/Versions/A/CoreWiFi
0x00007ff82809a000 	/System/Library/PrivateFrameworks/FrontBoardServices.framework/Versions/A/FrontBoardServices
0x00007ff82812b000 	/System/Library/PrivateFrameworks/BoardServices.framework/Versions/A/BoardServices
0x00007ff81f604000 	/System/Library/PrivateFrameworks/AssertionServices.framework/Versions/A/AssertionServices
0x00007ff82984e000 	/System/Library/PrivateFrameworks/BackBoardServices.framework/Versions/A/BackBoardServices
0x00007ff823640000 	/System/Library/PrivateFrameworks/CorePhoneNumbers.framework/Versions/A/CorePhoneNumbers
0x00007ff822f04000 	/System/Library/PrivateFrameworks/MultiverseSupport.framework/Versions/A/MultiverseSupport
0x00007ff829ac2000 	/System/Library/PrivateFrameworks/RemoteServiceDiscovery.framework/Versions/A/RemoteServiceDiscovery
0x00007ff827398000 	/System/Library/PrivateFrameworks/DiskManagement.framework/Versions/A/DiskManagement
0x00007ff8272ac000 	/System/Library/PrivateFrameworks/AppleIDAuthSupport.framework/Versions/A/AppleIDAuthSupport
0x00007ffb159e4000 	/System/Library/PrivateFrameworks/AAAFoundation.framework/Versions/A/AAAFoundation
0x00007ff823621000 	/System/Library/PrivateFrameworks/KeychainCircle.framework/Versions/A/KeychainCircle
0x00007ff829ad2000 	/System/Library/PrivateFrameworks/RemoteXPC.framework/Versions/A/RemoteXPC
0x00007ff827364000 	/System/Library/PrivateFrameworks/MediaKit.framework/Versions/A/MediaKit
0x00007ff8272b8000 	/System/Library/Frameworks/DiscRecording.framework/Versions/A/DiscRecording
0x00007ff820bf6000 	/usr/lib/libCoreStorage.dylib
0x00007ff829b3d000 	/usr/lib/libcsfde.dylib
0x00007ff824321000 	/System/Library/PrivateFrameworks/ProtectedCloudStorage.framework/Versions/A/ProtectedCloudStorage
0x00007ff829b39000 	/System/Library/PrivateFrameworks/EFILogin.framework/Versions/A/EFILogin
0x00007ff827a16000 	/System/Library/PrivateFrameworks/OctagonTrust.framework/Versions/A/OctagonTrust
0x00007ffb1a2cc000 	/System/Library/PrivateFrameworks/CoreUtilsExtras.framework/Versions/A/CoreUtilsExtras
0x00007ff8271df000 	/System/Library/Frameworks/CoreBluetooth.framework/Versions/A/CoreBluetooth
0x00007ff82a1ce000 	/System/Library/Frameworks/AudioUnit.framework/Versions/A/AudioUnit
0x00007ff820bee000 	/usr/lib/libMatch.1.dylib
0x00007ff91fc10000 	/System/Library/Frameworks/Accelerate.framework/Versions/A/Frameworks/vImage.framework/Versions/A/Libraries/libCGInterfaces.dylib
0x0000000133d06000 	/usr/lib/libobjc-trampolines.dylib
0x00007ff81c8bf000 	/System/Library/PrivateFrameworks/ViewBridge.framework/Versions/A/ViewBridge
0x0000000136018000 	/Users/saulisorvari/.openjfx/cache/12.0.2/libjavafx_font.dylib
0x00007ff821344000 	/System/Library/PrivateFrameworks/login.framework/Versions/A/login
0x00007ffb2db51000 	/usr/lib/libRosetta.dylib


VM Arguments:
java_command: shakki.ui.Main
java_class_path (initial): /Users/saulisorvari/Shakki/Shakki/target/classes:/Users/saulisorvari/.m2/repository/org/openjfx/javafx-controls/12.0.2/javafx-controls-12.0.2.jar:/Users/saulisorvari/.m2/repository/org/openjfx/javafx-controls/12.0.2/javafx-controls-12.0.2-mac.jar:/Users/saulisorvari/.m2/repository/org/openjfx/javafx-graphics/12.0.2/javafx-graphics-12.0.2.jar:/Users/saulisorvari/.m2/repository/org/openjfx/javafx-graphics/12.0.2/javafx-graphics-12.0.2-mac.jar:/Users/saulisorvari/.m2/repository/org/openjfx/javafx-base/12.0.2/javafx-base-12.0.2.jar:/Users/saulisorvari/.m2/repository/org/openjfx/javafx-base/12.0.2/javafx-base-12.0.2-mac.jar
Launcher Type: SUN_STANDARD

[Global flags]
     intx CICompilerCount                          = 3                                         {product} {ergonomic}
     uint ConcGCThreads                            = 1                                         {product} {ergonomic}
     uint G1ConcRefinementThreads                  = 4                                         {product} {ergonomic}
   size_t G1HeapRegionSize                         = 1048576                                   {product} {ergonomic}
    uintx GCDrainStackTargetSize                   = 64                                        {product} {ergonomic}
   size_t InitialHeapSize                          = 134217728                                 {product} {ergonomic}
   size_t MarkStackSize                            = 4194304                                   {product} {ergonomic}
   size_t MaxHeapSize                              = 2147483648                                {product} {ergonomic}
   size_t MaxNewSize                               = 1287651328                                {product} {ergonomic}
   size_t MinHeapDeltaBytes                        = 1048576                                   {product} {ergonomic}
    uintx NonNMethodCodeHeapSize                   = 5830732                                {pd product} {ergonomic}
    uintx NonProfiledCodeHeapSize                  = 122913754                              {pd product} {ergonomic}
    uintx ProfiledCodeHeapSize                     = 122913754                              {pd product} {ergonomic}
    uintx ReservedCodeCacheSize                    = 251658240                              {pd product} {ergonomic}
     bool SegmentedCodeCache                       = true                                      {product} {ergonomic}
     bool UseCompressedClassPointers               = true                                 {lp64_product} {ergonomic}
     bool UseCompressedOops                        = true                                 {lp64_product} {ergonomic}
     bool UseG1GC                                  = true                                      {product} {ergonomic}

Logging:
Log output configuration:
 #0: stdout all=warning uptime,level,tags
 #1: stderr all=off uptime,level,tags

Environment Variables:
JAVA_HOME=/Library/Java/JavaVirtualMachines/adoptopenjdk-11.jdk/Contents/Home
PATH=/usr/bin:/bin:/usr/sbin:/sbin
SHELL=/bin/bash
LC_CTYPE=UTF-8

Signal Handlers:
SIGSEGV: [libjvm.dylib+0x7b893a], sa_mask[0]=11111111011111110111111111111111, sa_flags=SA_ONSTACK|SA_RESTART|SA_SIGINFO
SIGBUS: [libjvm.dylib+0x7b893a], sa_mask[0]=11111111011111110111111111111111, sa_flags=SA_RESTART|SA_SIGINFO
SIGFPE: [libjvm.dylib+0x7b893a], sa_mask[0]=11111111011111110111111111111111, sa_flags=SA_RESTART|SA_SIGINFO
SIGPIPE: [libjvm.dylib+0x61e7db], sa_mask[0]=11111111011111110111111111111111, sa_flags=SA_RESTART|SA_SIGINFO
SIGXFSZ: [libjvm.dylib+0x61e7db], sa_mask[0]=11111111011111110111111111111111, sa_flags=SA_RESTART|SA_SIGINFO
SIGILL: [libjvm.dylib+0x7b893a], sa_mask[0]=11111111011111110111111111111111, sa_flags=SA_RESTART|SA_SIGINFO
SIGUSR2: [libjvm.dylib+0x61edc3], sa_mask[0]=00100000000000000000000000000000, sa_flags=SA_RESTART|SA_SIGINFO
SIGHUP: [libjvm.dylib+0x61d909], sa_mask[0]=11111111011111110111111111111111, sa_flags=SA_RESTART|SA_SIGINFO
SIGINT: SIG_IGN, sa_mask[0]=00000000000000000000000000000000, sa_flags=none
SIGTERM: [libjvm.dylib+0x61d909], sa_mask[0]=11111111011111110111111111111111, sa_flags=SA_RESTART|SA_SIGINFO
SIGQUIT: [libjvm.dylib+0x61d909], sa_mask[0]=11111111011111110111111111111111, sa_flags=SA_RESTART|SA_SIGINFO


---------------  S Y S T E M  ---------------

OS:uname:Darwin 21.6.0 Darwin Kernel Version 21.6.0: Mon Aug 22 20:17:10 PDT 2022; root:xnu-8020.140.49~2/RELEASE_X86_64 x86_64
OS uptime: 25 days 20:18 hours
rlimit (soft/hard): STACK 8192k/65532k , CORE 0k/infinity , NPROC 1392/2088 , NOFILE 10240/infinity , AS infinity/infinity , CPU infinity/infinity , DATA infinity/infinity , FSIZE infinity/infinity , MEMLOCK infinity/infinity , RSS infinity/infinity
load average:2.74 2.76 2.49

CPU:total 4 (initial active 4) (2 cores per cpu, 2 threads per core) family 6 model 142 stepping 9 microcode 0xf0, cmov, cx8, fxsr, mmx, sse, sse2, sse3, ssse3, sse4.1, sse4.2, popcnt, avx, avx2, aes, clmul, erms, rtm, 3dnowpref, lzcnt, ht, tsc, tscinvbit, bmi1, bmi2, adx, fma

Memory: 4k page, physical 8388608k(519064k free), swap 2097152k(1364736k free)

vm_info: OpenJDK 64-Bit Server VM (11.0.10+9) for bsd-amd64 JRE (11.0.10+9), built on Jan 20 2021 11:55:30 by "jenkins" with gcc 4.2.1 Compatible Apple LLVM 10.0.1 (clang-1001.0.46.4)

END.
